d:\conti\lanedetectioncuda_c\lanedetectioncuda\lanedetectioncuda\x64\debug\vc141.pdb
d:\conti\lanedetectioncuda_c\lanedetectioncuda\lanedetectioncuda\x64\debug\vc141.idb
d:\conti\lanedetectioncuda_c\lanedetectioncuda\lanedetectioncuda\x64\debug\lane.obj
d:\conti\lanedetectioncuda_c\lanedetectioncuda\lanedetectioncuda\x64\debug\hosttodevice.obj
x64\debug\imageprocessing.cu.obj
x64\debug\kernel.cu.obj
d:\conti\lanedetectioncuda_c\lanedetectioncuda\lanedetectioncuda\x64\debug\imageprocessing.cu.cache
d:\conti\lanedetectioncuda_c\lanedetectioncuda\lanedetectioncuda\x64\debug\kernel.cu.cache
d:\conti\lanedetectioncuda_c\lanedetectioncuda\lanedetectioncuda\x64\debug\imageprocessing.cu.obj
d:\conti\lanedetectioncuda_c\lanedetectioncuda\lanedetectioncuda\x64\debug\kernel.cu.obj
d:\conti\lanedetectioncuda_c\lanedetectioncuda\x64\debug\lanedetectioncuda.pdb
d:\conti\lanedetectioncuda_c\lanedetectioncuda\lanedetectioncuda\x64\debug\lanedete.eda9d962.tlog\cl.command.1.tlog
d:\conti\lanedetectioncuda_c\lanedetectioncuda\lanedetectioncuda\x64\debug\lanedete.eda9d962.tlog\cl.read.1.tlog
d:\conti\lanedetectioncuda_c\lanedetectioncuda\lanedetectioncuda\x64\debug\lanedete.eda9d962.tlog\cl.write.1.tlog
d:\conti\lanedetectioncuda_c\lanedetectioncuda\lanedetectioncuda\x64\debug\lanedete.eda9d962.tlog\cudacompile.read.1u.tlog
d:\conti\lanedetectioncuda_c\lanedetectioncuda\lanedetectioncuda\x64\debug\lanedete.eda9d962.tlog\cudacompile.write.1u.tlog
d:\conti\lanedetectioncuda_c\lanedetectioncuda\lanedetectioncuda\x64\debug\lanedete.eda9d962.tlog\link-cvtres.read.1.tlog
d:\conti\lanedetectioncuda_c\lanedetectioncuda\lanedetectioncuda\x64\debug\lanedete.eda9d962.tlog\link-cvtres.write.1.tlog
d:\conti\lanedetectioncuda_c\lanedetectioncuda\lanedetectioncuda\x64\debug\lanedete.eda9d962.tlog\link-rc.read.1.tlog
d:\conti\lanedetectioncuda_c\lanedetectioncuda\lanedetectioncuda\x64\debug\lanedete.eda9d962.tlog\link-rc.write.1.tlog
d:\conti\lanedetectioncuda_c\lanedetectioncuda\lanedetectioncuda\x64\debug\lanedete.eda9d962.tlog\link.command.1.tlog
d:\conti\lanedetectioncuda_c\lanedetectioncuda\lanedetectioncuda\x64\debug\lanedete.eda9d962.tlog\link.read.1.tlog
d:\conti\lanedetectioncuda_c\lanedetectioncuda\lanedetectioncuda\x64\debug\lanedete.eda9d962.tlog\link.write.1.tlog
